<?xml version="1.0" encoding="UTF-8"?>
<coverage generated="1644635756517" clover="3.2.0">
  <project timestamp="1644635756517" name="All files">
    <metrics statements="22" coveredstatements="22" conditionals="15" coveredconditionals="15" methods="4" coveredmethods="4" elements="41" coveredelements="41" complexity="0" loc="22" ncloc="22" packages="1" files="1" classes="1"/>
    <file name="genDiff.js" path="/home/albert/Рабочий стол/hexlet/frontend-project-lvl2/src/genDiff.js">
      <metrics statements="22" coveredstatements="22" conditionals="15" coveredconditionals="15" methods="4" coveredmethods="4"/>
      <line num="5" count="2" type="stmt"/>
      <line num="7" count="1" type="stmt"/>
      <line num="8" count="2" type="stmt"/>
      <line num="9" count="2" type="stmt"/>
      <line num="12" count="1" type="stmt"/>
      <line num="13" count="1" type="stmt"/>
      <line num="14" count="1" type="stmt"/>
      <line num="15" count="1" type="stmt"/>
      <line num="16" count="1" type="stmt"/>
      <line num="17" count="1" type="stmt"/>
      <line num="18" count="1" type="stmt"/>
      <line num="19" count="5" type="cond" truecount="2" falsecount="0"/>
      <line num="20" count="1" type="stmt"/>
      <line num="22" count="5" type="cond" truecount="4" falsecount="0"/>
      <line num="23" count="2" type="stmt"/>
      <line num="25" count="5" type="cond" truecount="5" falsecount="0"/>
      <line num="26" count="1" type="stmt"/>
      <line num="28" count="5" type="cond" truecount="4" falsecount="0"/>
      <line num="29" count="2" type="stmt"/>
      <line num="31" count="5" type="stmt"/>
      <line num="33" count="1" type="stmt"/>
      <line num="34" count="1" type="stmt"/>
    </file>
  </project>
</coverage>
