TN:
SF:src/genDiff.js
FN:5,(anonymous_0)
FN:7,(anonymous_1)
FN:12,(anonymous_2)
FN:18,(anonymous_3)
FNF:4
FNH:4
FNDA:2,(anonymous_0)
FNDA:2,(anonymous_1)
FNDA:1,(anonymous_2)
FNDA:5,(anonymous_3)
DA:5,2
DA:7,1
DA:8,2
DA:9,2
DA:12,1
DA:13,1
DA:14,1
DA:15,1
DA:16,1
DA:17,1
DA:18,1
DA:19,5
DA:20,1
DA:22,5
DA:23,2
DA:25,5
DA:26,1
DA:28,5
DA:29,2
DA:31,5
DA:33,1
DA:34,1
LF:22
LH:22
BRDA:19,0,0,1
BRDA:19,0,1,4
BRDA:22,1,0,2
BRDA:22,1,1,3
BRDA:22,2,0,5
BRDA:22,2,1,4
BRDA:25,3,0,1
BRDA:25,3,1,4
BRDA:25,4,0,5
BRDA:25,4,1,4
BRDA:25,4,2,2
BRDA:28,5,0,2
BRDA:28,5,1,3
BRDA:28,6,0,5
BRDA:28,6,1,3
BRF:15
BRH:15
end_of_record
